Build started 3/21/2016 11:04:57 AM.
     1>Project "d:\documents\visual studio 2013\Projects\InClass03-21-2016_Solution\InClass03-21-2016_Project\InClass03-21-2016_Project.vcxproj" on node 2 (Build target(s)).
     1>Link:
         C:\Program Files (x86)\Microsoft Visual Studio 12.0\VC\bin\link.exe /ERRORREPORT:PROMPT /OUT:"d:\documents\visual studio 2013\Projects\InClass03-21-2016_Solution\Debug\InClass03-21-2016_Project.exe" /INCREMENTAL /NOLOGO kernel32.lib user32.lib gdi32.lib winspool.lib comdlg32.lib advapi32.lib shell32.lib ole32.lib oleaut32.lib uuid.lib odbc32.lib odbccp32.lib /MANIFEST /MANIFESTUAC:"level='asInvoker' uiAccess='false'" /manifest:embed /DEBUG /PDB:"d:\documents\visual studio 2013\Projects\InClass03-21-2016_Solution\Debug\InClass03-21-2016_Project.pdb" /SUBSYSTEM:CONSOLE /TLBID:1 /DYNAMICBASE /NXCOMPAT /IMPLIB:"d:\documents\visual studio 2013\Projects\InClass03-21-2016_Solution\Debug\InClass03-21-2016_Project.lib" /MACHINE:X86 Debug\testNodeType.obj
     1>LINK : fatal error LNK1168: cannot open d:\documents\visual studio 2013\Projects\InClass03-21-2016_Solution\Debug\InClass03-21-2016_Project.exe for writing
     1>Done Building Project "d:\documents\visual studio 2013\Projects\InClass03-21-2016_Solution\InClass03-21-2016_Project\InClass03-21-2016_Project.vcxproj" (Build target(s)) -- FAILED.

Build FAILED.

Time Elapsed 00:00:00.05
